{"C:\\Users\\Chuncky\\Desktop\\MSG CODING SCHOOL\\repos\\battleship-testing-project\\src\\lib\\gameboard.js": {"path":"C:\\Users\\Chuncky\\Desktop\\MSG CODING SCHOOL\\repos\\battleship-testing-project\\src\\lib\\gameboard.js","all":false,"statementMap":{"0":{"start":{"line":1,"column":0},"end":{"line":1,"column":26}},"1":{"start":{"line":2,"column":0},"end":{"line":2,"column":0}},"2":{"start":{"line":3,"column":0},"end":{"line":3,"column":32}},"3":{"start":{"line":4,"column":0},"end":{"line":4,"column":9}},"4":{"start":{"line":5,"column":0},"end":{"line":5,"column":0}},"5":{"start":{"line":6,"column":0},"end":{"line":6,"column":9}},"6":{"start":{"line":7,"column":0},"end":{"line":7,"column":0}},"7":{"start":{"line":8,"column":0},"end":{"line":8,"column":8}},"8":{"start":{"line":9,"column":0},"end":{"line":9,"column":0}},"9":{"start":{"line":10,"column":0},"end":{"line":10,"column":17}},"10":{"start":{"line":11,"column":0},"end":{"line":11,"column":50}},"11":{"start":{"line":12,"column":0},"end":{"line":12,"column":44}},"12":{"start":{"line":13,"column":0},"end":{"line":13,"column":6}},"13":{"start":{"line":14,"column":0},"end":{"line":14,"column":0}},"14":{"start":{"line":15,"column":0},"end":{"line":15,"column":21}},"15":{"start":{"line":16,"column":0},"end":{"line":16,"column":27}},"16":{"start":{"line":17,"column":0},"end":{"line":17,"column":3}},"17":{"start":{"line":18,"column":0},"end":{"line":18,"column":0}},"18":{"start":{"line":19,"column":0},"end":{"line":19,"column":47}},"19":{"start":{"line":20,"column":0},"end":{"line":20,"column":80}},"20":{"start":{"line":21,"column":0},"end":{"line":21,"column":0}},"21":{"start":{"line":22,"column":0},"end":{"line":22,"column":31}},"22":{"start":{"line":23,"column":0},"end":{"line":23,"column":34}},"23":{"start":{"line":24,"column":0},"end":{"line":24,"column":27}},"24":{"start":{"line":25,"column":0},"end":{"line":25,"column":0}},"25":{"start":{"line":26,"column":0},"end":{"line":26,"column":30}},"26":{"start":{"line":27,"column":0},"end":{"line":27,"column":40}},"27":{"start":{"line":28,"column":0},"end":{"line":28,"column":37}},"28":{"start":{"line":29,"column":0},"end":{"line":29,"column":7}},"29":{"start":{"line":30,"column":0},"end":{"line":30,"column":5}},"30":{"start":{"line":31,"column":0},"end":{"line":31,"column":0}},"31":{"start":{"line":32,"column":0},"end":{"line":32,"column":30}},"32":{"start":{"line":33,"column":0},"end":{"line":33,"column":40}},"33":{"start":{"line":34,"column":0},"end":{"line":34,"column":37}},"34":{"start":{"line":35,"column":0},"end":{"line":35,"column":7}},"35":{"start":{"line":36,"column":0},"end":{"line":36,"column":5}},"36":{"start":{"line":37,"column":0},"end":{"line":37,"column":0}},"37":{"start":{"line":38,"column":0},"end":{"line":38,"column":16}},"38":{"start":{"line":39,"column":0},"end":{"line":39,"column":3}},"39":{"start":{"line":40,"column":0},"end":{"line":40,"column":0}},"40":{"start":{"line":41,"column":0},"end":{"line":41,"column":55}},"41":{"start":{"line":42,"column":0},"end":{"line":42,"column":31}},"42":{"start":{"line":43,"column":0},"end":{"line":43,"column":0}},"43":{"start":{"line":44,"column":0},"end":{"line":44,"column":58}},"44":{"start":{"line":45,"column":0},"end":{"line":45,"column":55}},"45":{"start":{"line":46,"column":0},"end":{"line":46,"column":0}},"46":{"start":{"line":47,"column":0},"end":{"line":47,"column":30}},"47":{"start":{"line":48,"column":0},"end":{"line":48,"column":47}},"48":{"start":{"line":49,"column":0},"end":{"line":49,"column":43}},"49":{"start":{"line":50,"column":0},"end":{"line":50,"column":0}},"50":{"start":{"line":51,"column":0},"end":{"line":51,"column":57}},"51":{"start":{"line":52,"column":0},"end":{"line":52,"column":40}},"52":{"start":{"line":53,"column":0},"end":{"line":53,"column":48}},"53":{"start":{"line":54,"column":0},"end":{"line":54,"column":7}},"54":{"start":{"line":55,"column":0},"end":{"line":55,"column":5}},"55":{"start":{"line":56,"column":0},"end":{"line":56,"column":0}},"56":{"start":{"line":57,"column":0},"end":{"line":57,"column":30}},"57":{"start":{"line":58,"column":0},"end":{"line":58,"column":43}},"58":{"start":{"line":59,"column":0},"end":{"line":59,"column":0}},"59":{"start":{"line":60,"column":0},"end":{"line":60,"column":40}},"60":{"start":{"line":61,"column":0},"end":{"line":61,"column":48}},"61":{"start":{"line":62,"column":0},"end":{"line":62,"column":7}},"62":{"start":{"line":63,"column":0},"end":{"line":63,"column":5}},"63":{"start":{"line":64,"column":0},"end":{"line":64,"column":0}},"64":{"start":{"line":65,"column":0},"end":{"line":65,"column":16}},"65":{"start":{"line":66,"column":0},"end":{"line":66,"column":3}},"66":{"start":{"line":67,"column":0},"end":{"line":67,"column":0}},"67":{"start":{"line":68,"column":0},"end":{"line":68,"column":30}},"68":{"start":{"line":69,"column":0},"end":{"line":69,"column":31}},"69":{"start":{"line":70,"column":0},"end":{"line":70,"column":0}},"70":{"start":{"line":71,"column":0},"end":{"line":71,"column":54}},"71":{"start":{"line":72,"column":0},"end":{"line":72,"column":60}},"72":{"start":{"line":73,"column":0},"end":{"line":73,"column":0}},"73":{"start":{"line":74,"column":0},"end":{"line":74,"column":43}},"74":{"start":{"line":75,"column":0},"end":{"line":75,"column":41}},"75":{"start":{"line":76,"column":0},"end":{"line":76,"column":0}},"76":{"start":{"line":77,"column":0},"end":{"line":77,"column":28}},"77":{"start":{"line":78,"column":0},"end":{"line":78,"column":0}},"78":{"start":{"line":79,"column":0},"end":{"line":79,"column":16}},"79":{"start":{"line":80,"column":0},"end":{"line":80,"column":3}},"80":{"start":{"line":81,"column":0},"end":{"line":81,"column":0}},"81":{"start":{"line":82,"column":0},"end":{"line":82,"column":18}},"82":{"start":{"line":83,"column":0},"end":{"line":83,"column":54}},"83":{"start":{"line":84,"column":0},"end":{"line":84,"column":3}},"84":{"start":{"line":85,"column":0},"end":{"line":85,"column":0}},"85":{"start":{"line":86,"column":0},"end":{"line":86,"column":15}},"86":{"start":{"line":87,"column":0},"end":{"line":87,"column":23}},"87":{"start":{"line":88,"column":0},"end":{"line":88,"column":3}},"88":{"start":{"line":89,"column":0},"end":{"line":89,"column":1}}},"s":{"0":1,"1":1,"2":1,"3":3,"4":3,"5":3,"6":3,"7":3,"8":3,"9":3,"10":3,"11":30,"12":3,"13":3,"14":3,"15":3,"16":3,"17":3,"18":3,"19":12,"20":4,"21":4,"22":4,"23":4,"24":4,"25":12,"26":1,"27":5,"28":5,"29":1,"30":4,"31":12,"32":3,"33":11,"34":11,"35":3,"36":4,"37":4,"38":4,"39":3,"40":3,"41":12,"42":12,"43":12,"44":12,"45":8,"46":12,"47":3,"48":3,"49":2,"50":2,"51":3,"52":7,"53":7,"54":1,"55":6,"56":12,"57":5,"58":4,"59":5,"60":13,"61":13,"62":3,"63":4,"64":4,"65":4,"66":3,"67":3,"68":13,"69":13,"70":13,"71":13,"72":7,"73":7,"74":13,"75":5,"76":5,"77":5,"78":5,"79":5,"80":3,"81":3,"82":1,"83":1,"84":3,"85":3,"86":9,"87":9,"88":3},"branchMap":{"0":{"type":"branch","line":3,"loc":{"start":{"line":3,"column":31},"end":{"line":89,"column":1}},"locations":[{"start":{"line":3,"column":31},"end":{"line":89,"column":1}}]},"1":{"type":"branch","line":10,"loc":{"start":{"line":10,"column":2},"end":{"line":17,"column":3}},"locations":[{"start":{"line":10,"column":2},"end":{"line":17,"column":3}}]},"2":{"type":"branch","line":11,"loc":{"start":{"line":11,"column":45},"end":{"line":12,"column":44}},"locations":[{"start":{"line":11,"column":45},"end":{"line":12,"column":44}}]},"3":{"type":"branch","line":12,"loc":{"start":{"line":12,"column":33},"end":{"line":12,"column":43}},"locations":[{"start":{"line":12,"column":33},"end":{"line":12,"column":43}}]},"4":{"type":"branch","line":19,"loc":{"start":{"line":19,"column":2},"end":{"line":39,"column":3}},"locations":[{"start":{"line":19,"column":2},"end":{"line":39,"column":3}}]},"5":{"type":"branch","line":20,"loc":{"start":{"line":20,"column":67},"end":{"line":20,"column":80}},"locations":[{"start":{"line":20,"column":67},"end":{"line":20,"column":80}}]},"6":{"type":"branch","line":20,"loc":{"start":{"line":20,"column":79},"end":{"line":26,"column":29}},"locations":[{"start":{"line":20,"column":79},"end":{"line":26,"column":29}}]},"7":{"type":"branch","line":26,"loc":{"start":{"line":26,"column":29},"end":{"line":30,"column":5}},"locations":[{"start":{"line":26,"column":29},"end":{"line":30,"column":5}}]},"8":{"type":"branch","line":27,"loc":{"start":{"line":27,"column":39},"end":{"line":29,"column":7}},"locations":[{"start":{"line":27,"column":39},"end":{"line":29,"column":7}}]},"9":{"type":"branch","line":30,"loc":{"start":{"line":30,"column":4},"end":{"line":32,"column":29}},"locations":[{"start":{"line":30,"column":4},"end":{"line":32,"column":29}}]},"10":{"type":"branch","line":32,"loc":{"start":{"line":32,"column":29},"end":{"line":36,"column":5}},"locations":[{"start":{"line":32,"column":29},"end":{"line":36,"column":5}}]},"11":{"type":"branch","line":33,"loc":{"start":{"line":33,"column":39},"end":{"line":35,"column":7}},"locations":[{"start":{"line":33,"column":39},"end":{"line":35,"column":7}}]},"12":{"type":"branch","line":36,"loc":{"start":{"line":36,"column":4},"end":{"line":39,"column":3}},"locations":[{"start":{"line":36,"column":4},"end":{"line":39,"column":3}}]},"13":{"type":"branch","line":41,"loc":{"start":{"line":41,"column":2},"end":{"line":66,"column":3}},"locations":[{"start":{"line":41,"column":2},"end":{"line":66,"column":3}}]},"14":{"type":"branch","line":45,"loc":{"start":{"line":45,"column":13},"end":{"line":45,"column":22}},"locations":[{"start":{"line":45,"column":13},"end":{"line":45,"column":22}}]},"15":{"type":"branch","line":45,"loc":{"start":{"line":45,"column":22},"end":{"line":45,"column":31}},"locations":[{"start":{"line":45,"column":22},"end":{"line":45,"column":31}}]},"16":{"type":"branch","line":45,"loc":{"start":{"line":45,"column":31},"end":{"line":45,"column":40}},"locations":[{"start":{"line":45,"column":31},"end":{"line":45,"column":40}}]},"17":{"type":"branch","line":45,"loc":{"start":{"line":45,"column":42},"end":{"line":45,"column":55}},"locations":[{"start":{"line":45,"column":42},"end":{"line":45,"column":55}}]},"18":{"type":"branch","line":45,"loc":{"start":{"line":45,"column":54},"end":{"line":47,"column":29}},"locations":[{"start":{"line":45,"column":54},"end":{"line":47,"column":29}}]},"19":{"type":"branch","line":47,"loc":{"start":{"line":47,"column":29},"end":{"line":55,"column":5}},"locations":[{"start":{"line":47,"column":29},"end":{"line":55,"column":5}}]},"20":{"type":"branch","line":49,"loc":{"start":{"line":49,"column":30},"end":{"line":49,"column":43}},"locations":[{"start":{"line":49,"column":30},"end":{"line":49,"column":43}}]},"21":{"type":"branch","line":49,"loc":{"start":{"line":49,"column":42},"end":{"line":52,"column":39}},"locations":[{"start":{"line":49,"column":42},"end":{"line":52,"column":39}}]},"22":{"type":"branch","line":52,"loc":{"start":{"line":52,"column":39},"end":{"line":54,"column":7}},"locations":[{"start":{"line":52,"column":39},"end":{"line":54,"column":7}}]},"23":{"type":"branch","line":53,"loc":{"start":{"line":53,"column":35},"end":{"line":53,"column":48}},"locations":[{"start":{"line":53,"column":35},"end":{"line":53,"column":48}}]},"24":{"type":"branch","line":54,"loc":{"start":{"line":54,"column":6},"end":{"line":55,"column":5}},"locations":[{"start":{"line":54,"column":6},"end":{"line":55,"column":5}}]},"25":{"type":"branch","line":55,"loc":{"start":{"line":55,"column":4},"end":{"line":57,"column":29}},"locations":[{"start":{"line":55,"column":4},"end":{"line":57,"column":29}}]},"26":{"type":"branch","line":57,"loc":{"start":{"line":57,"column":29},"end":{"line":63,"column":5}},"locations":[{"start":{"line":57,"column":29},"end":{"line":63,"column":5}}]},"27":{"type":"branch","line":58,"loc":{"start":{"line":58,"column":30},"end":{"line":58,"column":43}},"locations":[{"start":{"line":58,"column":30},"end":{"line":58,"column":43}}]},"28":{"type":"branch","line":58,"loc":{"start":{"line":58,"column":42},"end":{"line":60,"column":39}},"locations":[{"start":{"line":58,"column":42},"end":{"line":60,"column":39}}]},"29":{"type":"branch","line":60,"loc":{"start":{"line":60,"column":39},"end":{"line":62,"column":7}},"locations":[{"start":{"line":60,"column":39},"end":{"line":62,"column":7}}]},"30":{"type":"branch","line":61,"loc":{"start":{"line":61,"column":35},"end":{"line":61,"column":48}},"locations":[{"start":{"line":61,"column":35},"end":{"line":61,"column":48}}]},"31":{"type":"branch","line":62,"loc":{"start":{"line":62,"column":6},"end":{"line":63,"column":5}},"locations":[{"start":{"line":62,"column":6},"end":{"line":63,"column":5}}]},"32":{"type":"branch","line":63,"loc":{"start":{"line":63,"column":4},"end":{"line":66,"column":3}},"locations":[{"start":{"line":63,"column":4},"end":{"line":66,"column":3}}]},"33":{"type":"branch","line":68,"loc":{"start":{"line":68,"column":2},"end":{"line":80,"column":3}},"locations":[{"start":{"line":68,"column":2},"end":{"line":80,"column":3}}]},"34":{"type":"branch","line":71,"loc":{"start":{"line":71,"column":13},"end":{"line":71,"column":22}},"locations":[{"start":{"line":71,"column":13},"end":{"line":71,"column":22}}]},"35":{"type":"branch","line":71,"loc":{"start":{"line":71,"column":22},"end":{"line":71,"column":31}},"locations":[{"start":{"line":71,"column":22},"end":{"line":71,"column":31}}]},"36":{"type":"branch","line":71,"loc":{"start":{"line":71,"column":31},"end":{"line":71,"column":40}},"locations":[{"start":{"line":71,"column":31},"end":{"line":71,"column":40}}]},"37":{"type":"branch","line":71,"loc":{"start":{"line":71,"column":42},"end":{"line":71,"column":54}},"locations":[{"start":{"line":71,"column":42},"end":{"line":71,"column":54}}]},"38":{"type":"branch","line":71,"loc":{"start":{"line":71,"column":53},"end":{"line":72,"column":48}},"locations":[{"start":{"line":71,"column":53},"end":{"line":72,"column":48}}]},"39":{"type":"branch","line":72,"loc":{"start":{"line":72,"column":48},"end":{"line":72,"column":60}},"locations":[{"start":{"line":72,"column":48},"end":{"line":72,"column":60}}]},"40":{"type":"branch","line":72,"loc":{"start":{"line":72,"column":59},"end":{"line":75,"column":28}},"locations":[{"start":{"line":72,"column":59},"end":{"line":75,"column":28}}]},"41":{"type":"branch","line":75,"loc":{"start":{"line":75,"column":28},"end":{"line":75,"column":41}},"locations":[{"start":{"line":75,"column":28},"end":{"line":75,"column":41}}]},"42":{"type":"branch","line":75,"loc":{"start":{"line":75,"column":40},"end":{"line":80,"column":3}},"locations":[{"start":{"line":75,"column":40},"end":{"line":80,"column":3}}]},"43":{"type":"branch","line":82,"loc":{"start":{"line":82,"column":2},"end":{"line":84,"column":3}},"locations":[{"start":{"line":82,"column":2},"end":{"line":84,"column":3}}]},"44":{"type":"branch","line":83,"loc":{"start":{"line":83,"column":30},"end":{"line":83,"column":52}},"locations":[{"start":{"line":83,"column":30},"end":{"line":83,"column":52}}]},"45":{"type":"branch","line":86,"loc":{"start":{"line":86,"column":2},"end":{"line":88,"column":3}},"locations":[{"start":{"line":86,"column":2},"end":{"line":88,"column":3}}]}},"b":{"0":[3],"1":[3],"2":[30],"3":[300],"4":[12],"5":[8],"6":[4],"7":[1],"8":[5],"9":[4],"10":[3],"11":[11],"12":[4],"13":[12],"14":[11],"15":[10],"16":[9],"17":[4],"18":[8],"19":[3],"20":[1],"21":[2],"22":[7],"23":[1],"24":[1],"25":[6],"26":[5],"27":[1],"28":[4],"29":[13],"30":[1],"31":[3],"32":[4],"33":[13],"34":[12],"35":[11],"36":[10],"37":[4],"38":[9],"39":[2],"40":[7],"41":[2],"42":[5],"43":[1],"44":[1],"45":[9]},"fnMap":{"0":{"name":"<instance_members_initializer>","decl":{"start":{"line":3,"column":31},"end":{"line":89,"column":1}},"loc":{"start":{"line":3,"column":31},"end":{"line":89,"column":1}},"line":3},"1":{"name":"GameBoard","decl":{"start":{"line":10,"column":2},"end":{"line":17,"column":3}},"loc":{"start":{"line":10,"column":2},"end":{"line":17,"column":3}},"line":10},"2":{"name":"placeShip","decl":{"start":{"line":19,"column":2},"end":{"line":39,"column":3}},"loc":{"start":{"line":19,"column":2},"end":{"line":39,"column":3}},"line":19},"3":{"name":"#isValidPlacement","decl":{"start":{"line":41,"column":2},"end":{"line":66,"column":3}},"loc":{"start":{"line":41,"column":2},"end":{"line":66,"column":3}},"line":41},"4":{"name":"receiveAttack","decl":{"start":{"line":68,"column":2},"end":{"line":80,"column":3}},"loc":{"start":{"line":68,"column":2},"end":{"line":80,"column":3}},"line":68},"5":{"name":"allShipsSunk","decl":{"start":{"line":82,"column":2},"end":{"line":84,"column":3}},"loc":{"start":{"line":82,"column":2},"end":{"line":84,"column":3}},"line":82},"6":{"name":"get board","decl":{"start":{"line":86,"column":2},"end":{"line":88,"column":3}},"loc":{"start":{"line":86,"column":2},"end":{"line":88,"column":3}},"line":86}},"f":{"0":3,"1":3,"2":12,"3":12,"4":13,"5":1,"6":9}}
,"C:\\Users\\Chuncky\\Desktop\\MSG CODING SCHOOL\\repos\\battleship-testing-project\\src\\lib\\ship.js": {"path":"C:\\Users\\Chuncky\\Desktop\\MSG CODING SCHOOL\\repos\\battleship-testing-project\\src\\lib\\ship.js","all":false,"statementMap":{"0":{"start":{"line":1,"column":0},"end":{"line":1,"column":27}},"1":{"start":{"line":2,"column":0},"end":{"line":2,"column":10}},"2":{"start":{"line":3,"column":0},"end":{"line":3,"column":8}},"3":{"start":{"line":4,"column":0},"end":{"line":4,"column":0}},"4":{"start":{"line":5,"column":0},"end":{"line":5,"column":23}},"5":{"start":{"line":6,"column":0},"end":{"line":6,"column":26}},"6":{"start":{"line":7,"column":0},"end":{"line":7,"column":19}},"7":{"start":{"line":8,"column":0},"end":{"line":8,"column":3}},"8":{"start":{"line":9,"column":0},"end":{"line":9,"column":0}},"9":{"start":{"line":10,"column":0},"end":{"line":10,"column":9}},"10":{"start":{"line":11,"column":0},"end":{"line":11,"column":20}},"11":{"start":{"line":12,"column":0},"end":{"line":12,"column":3}},"12":{"start":{"line":13,"column":0},"end":{"line":13,"column":0}},"13":{"start":{"line":14,"column":0},"end":{"line":14,"column":12}},"14":{"start":{"line":15,"column":0},"end":{"line":15,"column":38}},"15":{"start":{"line":16,"column":0},"end":{"line":16,"column":3}},"16":{"start":{"line":17,"column":0},"end":{"line":17,"column":0}},"17":{"start":{"line":18,"column":0},"end":{"line":18,"column":16}},"18":{"start":{"line":19,"column":0},"end":{"line":19,"column":24}},"19":{"start":{"line":20,"column":0},"end":{"line":20,"column":3}},"20":{"start":{"line":21,"column":0},"end":{"line":21,"column":0}},"21":{"start":{"line":22,"column":0},"end":{"line":22,"column":14}},"22":{"start":{"line":23,"column":0},"end":{"line":23,"column":22}},"23":{"start":{"line":24,"column":0},"end":{"line":24,"column":3}},"24":{"start":{"line":25,"column":0},"end":{"line":25,"column":1}}},"s":{"0":1,"1":8,"2":8,"3":8,"4":8,"5":8,"6":8,"7":8,"8":8,"9":8,"10":10,"11":10,"12":8,"13":8,"14":3,"15":3,"16":8,"17":8,"18":2,"19":2,"20":8,"21":8,"22":2,"23":2,"24":8},"branchMap":{"0":{"type":"branch","line":1,"loc":{"start":{"line":1,"column":26},"end":{"line":25,"column":1}},"locations":[{"start":{"line":1,"column":26},"end":{"line":25,"column":1}}]},"1":{"type":"branch","line":5,"loc":{"start":{"line":5,"column":2},"end":{"line":8,"column":3}},"locations":[{"start":{"line":5,"column":2},"end":{"line":8,"column":3}}]},"2":{"type":"branch","line":10,"loc":{"start":{"line":10,"column":2},"end":{"line":12,"column":3}},"locations":[{"start":{"line":10,"column":2},"end":{"line":12,"column":3}}]},"3":{"type":"branch","line":14,"loc":{"start":{"line":14,"column":2},"end":{"line":16,"column":3}},"locations":[{"start":{"line":14,"column":2},"end":{"line":16,"column":3}}]},"4":{"type":"branch","line":18,"loc":{"start":{"line":18,"column":2},"end":{"line":20,"column":3}},"locations":[{"start":{"line":18,"column":2},"end":{"line":20,"column":3}}]},"5":{"type":"branch","line":22,"loc":{"start":{"line":22,"column":2},"end":{"line":24,"column":3}},"locations":[{"start":{"line":22,"column":2},"end":{"line":24,"column":3}}]}},"b":{"0":[8],"1":[8],"2":[10],"3":[3],"4":[2],"5":[2]},"fnMap":{"0":{"name":"<instance_members_initializer>","decl":{"start":{"line":1,"column":26},"end":{"line":25,"column":1}},"loc":{"start":{"line":1,"column":26},"end":{"line":25,"column":1}},"line":1},"1":{"name":"Ship","decl":{"start":{"line":5,"column":2},"end":{"line":8,"column":3}},"loc":{"start":{"line":5,"column":2},"end":{"line":8,"column":3}},"line":5},"2":{"name":"hit","decl":{"start":{"line":10,"column":2},"end":{"line":12,"column":3}},"loc":{"start":{"line":10,"column":2},"end":{"line":12,"column":3}},"line":10},"3":{"name":"isSunk","decl":{"start":{"line":14,"column":2},"end":{"line":16,"column":3}},"loc":{"start":{"line":14,"column":2},"end":{"line":16,"column":3}},"line":14},"4":{"name":"get length","decl":{"start":{"line":18,"column":2},"end":{"line":20,"column":3}},"loc":{"start":{"line":18,"column":2},"end":{"line":20,"column":3}},"line":18},"5":{"name":"get hits","decl":{"start":{"line":22,"column":2},"end":{"line":24,"column":3}},"loc":{"start":{"line":22,"column":2},"end":{"line":24,"column":3}},"line":22}},"f":{"0":8,"1":8,"2":10,"3":3,"4":2,"5":2}}
}
