TN:
SF:src\lib\gameboard.js
FN:3,<instance_members_initializer>
FN:10,GameBoard
FN:19,placeShip
FN:40,#isValidPlacement
FN:67,get board
FNF:5
FNH:5
FNDA:1,<instance_members_initializer>
FNDA:1,GameBoard
FNDA:10,placeShip
FNDA:10,#isValidPlacement
FNDA:4,get board
DA:1,1
DA:2,1
DA:3,1
DA:4,1
DA:5,1
DA:6,1
DA:7,1
DA:8,1
DA:9,1
DA:10,1
DA:11,1
DA:12,10
DA:13,1
DA:14,1
DA:15,1
DA:16,1
DA:17,1
DA:18,1
DA:19,1
DA:20,10
DA:21,2
DA:22,2
DA:23,2
DA:24,2
DA:25,2
DA:26,10
DA:27,1
DA:28,5
DA:29,5
DA:30,1
DA:31,2
DA:32,10
DA:33,1
DA:34,4
DA:35,4
DA:36,1
DA:37,2
DA:38,2
DA:39,1
DA:40,1
DA:41,10
DA:42,10
DA:43,10
DA:44,10
DA:45,6
DA:46,10
DA:47,3
DA:48,3
DA:49,2
DA:50,2
DA:51,3
DA:52,7
DA:53,7
DA:54,1
DA:55,4
DA:56,10
DA:57,3
DA:58,2
DA:59,3
DA:60,6
DA:61,6
DA:62,1
DA:63,2
DA:64,2
DA:65,2
DA:66,1
DA:67,1
DA:68,4
DA:69,4
DA:70,1
LF:70
LH:70
BRDA:3,0,0,1
BRDA:10,1,0,1
BRDA:11,2,0,10
BRDA:12,3,0,100
BRDA:19,4,0,10
BRDA:20,5,0,8
BRDA:20,6,0,2
BRDA:26,7,0,1
BRDA:27,8,0,5
BRDA:30,9,0,2
BRDA:32,10,0,1
BRDA:33,11,0,4
BRDA:36,12,0,2
BRDA:40,13,0,10
BRDA:44,14,0,9
BRDA:44,15,0,8
BRDA:44,16,0,7
BRDA:44,17,0,4
BRDA:44,18,0,6
BRDA:46,19,0,3
BRDA:48,20,0,1
BRDA:48,21,0,2
BRDA:51,22,0,7
BRDA:52,23,0,1
BRDA:53,24,0,1
BRDA:54,25,0,4
BRDA:56,26,0,3
BRDA:57,27,0,1
BRDA:57,28,0,2
BRDA:59,29,0,6
BRDA:60,30,0,1
BRDA:61,31,0,1
BRDA:62,32,0,2
BRDA:67,33,0,4
BRF:34
BRH:34
end_of_record
TN:
SF:src\lib\ship.js
FN:1,<instance_members_initializer>
FN:5,Ship
FN:9,get length
FN:13,hit
FN:17,get hits
FN:20,isSunk
FNF:6
FNH:6
FNDA:6,<instance_members_initializer>
FNDA:6,Ship
FNDA:2,get length
FNDA:5,hit
FNDA:2,get hits
FNDA:2,isSunk
DA:1,1
DA:2,6
DA:3,6
DA:4,6
DA:5,6
DA:6,6
DA:7,6
DA:8,6
DA:9,6
DA:10,2
DA:11,2
DA:12,6
DA:13,6
DA:14,5
DA:15,5
DA:16,6
DA:17,6
DA:18,2
DA:19,2
DA:20,6
DA:21,2
DA:22,2
DA:23,6
LF:23
LH:23
BRDA:1,0,0,6
BRDA:5,1,0,6
BRDA:9,2,0,2
BRDA:13,3,0,5
BRDA:17,4,0,2
BRDA:20,5,0,2
BRF:6
BRH:6
end_of_record
