TN:
SF:src\lib\ship.js
FN:1,<instance_members_initializer>
FN:5,Ship
FN:9,get length
FN:13,hit
FN:17,get hits
FN:20,isSunk
FNF:6
FNH:6
FNDA:4,<instance_members_initializer>
FNDA:4,Ship
FNDA:2,get length
FNDA:5,hit
FNDA:2,get hits
FNDA:2,isSunk
DA:1,1
DA:2,4
DA:3,4
DA:4,4
DA:5,4
DA:6,4
DA:7,4
DA:8,4
DA:9,4
DA:10,2
DA:11,2
DA:12,4
DA:13,4
DA:14,5
DA:15,5
DA:16,4
DA:17,4
DA:18,2
DA:19,2
DA:20,4
DA:21,2
DA:22,2
DA:23,4
LF:23
LH:23
BRDA:1,0,0,4
BRDA:5,1,0,4
BRDA:9,2,0,2
BRDA:13,3,0,5
BRDA:17,4,0,2
BRDA:20,5,0,2
BRF:6
BRH:6
end_of_record
